Using pre-set license
Built from '2020.3/staging' branch; Version is '2020.3.16f1 (049d6eca3c44) revision 302446'; Using compiler version '192528614'; Build Type 'Release'
OS: 'Windows 10 Home; OS build 19042.1237; Version 2009; 64bit' Language: 'en' Physical Memory: 7985 MB
BatchMode: 1, IsHumanControllingUs: 0, StartBugReporterOnCrash: 0, Is64bit: 1, IsPro: 0

 COMMAND LINE ARGUMENTS:
C:\Program Files\Unity\Hub\Editor\2020.3.16f1\Editor\Unity.exe
-adb2
-batchMode
-noUpm
-name
AssetImportWorker0
-projectPath
C:/Users/oreil/Documents/GitHub/Programming-Theory-Repo/Programming Theory in action
-logFile
Logs/AssetImportWorker0.log
-srvPort
59241
Successfully changed project path to: C:/Users/oreil/Documents/GitHub/Programming-Theory-Repo/Programming Theory in action
C:/Users/oreil/Documents/GitHub/Programming-Theory-Repo/Programming Theory in action
Using Asset Import Pipeline V2.
Refreshing native plugins compatible for Editor in 66.92 ms, found 2 plugins.
Preloading 0 native plugins for Editor in 0.00 ms.
Initialize engine version: 2020.3.16f1 (049d6eca3c44)
[Subsystems] Discovering subsystems at path C:/Program Files/Unity/Hub/Editor/2020.3.16f1/Editor/Data/Resources/UnitySubsystems
[Subsystems] Discovering subsystems at path C:/Users/oreil/Documents/GitHub/Programming-Theory-Repo/Programming Theory in action/Assets
GfxDevice: creating device client; threaded=0
Direct3D:
    Version:  Direct3D 11.0 [level 11.1]
    Renderer: NVIDIA GeForce GTX 1650 Ti (ID=0x1f95)
    Vendor:   
    VRAM:     3962 MB
    Driver:   30.0.14.7212
Initialize mono
Mono path[0] = 'C:/Program Files/Unity/Hub/Editor/2020.3.16f1/Editor/Data/Managed'
Mono path[1] = 'C:/Program Files/Unity/Hub/Editor/2020.3.16f1/Editor/Data/MonoBleedingEdge/lib/mono/unityjit'
Mono config path = 'C:/Program Files/Unity/Hub/Editor/2020.3.16f1/Editor/Data/MonoBleedingEdge/etc'
Using monoOptions --debugger-agent=transport=dt_socket,embedding=1,server=y,suspend=n,address=127.0.0.1:56256
Begin MonoManager ReloadAssembly
Registering precompiled unity dll's ...
Register platform support module: C:/Program Files/Unity/Hub/Editor/2020.3.16f1/Editor/Data/PlaybackEngines/WebGLSupport/UnityEditor.WebGL.Extensions.dll
Register platform support module: C:/Program Files/Unity/Hub/Editor/2020.3.16f1/Editor/Data/PlaybackEngines/WindowsStandaloneSupport/UnityEditor.WindowsStandalone.Extensions.dll
Registered in 0.004061 seconds.
Native extension for WindowsStandalone target not found
Native extension for WebGL target not found
Refreshing native plugins compatible for Editor in 26.09 ms, found 2 plugins.
Preloading 0 native plugins for Editor in 0.00 ms.
Mono: successfully reloaded assembly
- Completed reload, in  3.345 seconds
Domain Reload Profiling:
	ReloadAssembly (3346ms)
		BeginReloadAssembly (97ms)
			ExecutionOrderSort (0ms)
			DisableScriptedObjects (0ms)
			BackupInstance (0ms)
			ReleaseScriptingObjects (0ms)
			CreateAndSetChildDomain (2ms)
		EndReloadAssembly (508ms)
			LoadAssemblies (94ms)
			RebuildTransferFunctionScriptingTraits (1ms)
			SetupTypeCache (156ms)
			ReleaseScriptCaches (0ms)
			RebuildScriptCaches (27ms)
			SetupLoadedEditorAssemblies (162ms)
				LogAssemblyErrors (0ms)
				InitializePlatformSupportModulesInManaged (5ms)
				SetLoadedEditorAssemblies (0ms)
				RefreshPlugins (26ms)
				BeforeProcessingInitializeOnLoad (17ms)
				ProcessInitializeOnLoadAttributes (82ms)
				ProcessInitializeOnLoadMethodAttributes (32ms)
				AfterProcessingInitializeOnLoad (0ms)
				EditorAssembliesLoaded (0ms)
			ExecutionOrderSort2 (0ms)
			AwakeInstancesAfterBackupRestoration (0ms)
Platform modules already initialized, skipping
Registering precompiled user dll's ...
Registered in 0.009280 seconds.
Begin MonoManager ReloadAssembly
Native extension for WindowsStandalone target not found
Native extension for WebGL target not found
Refreshing native plugins compatible for Editor in 0.28 ms, found 2 plugins.
Preloading 0 native plugins for Editor in 0.00 ms.
Mono: successfully reloaded assembly
- Completed reload, in  1.529 seconds
Domain Reload Profiling:
	ReloadAssembly (1538ms)
		BeginReloadAssembly (127ms)
			ExecutionOrderSort (0ms)
			DisableScriptedObjects (4ms)
			BackupInstance (0ms)
			ReleaseScriptingObjects (0ms)
			CreateAndSetChildDomain (17ms)
		EndReloadAssembly (1353ms)
			LoadAssemblies (604ms)
			RebuildTransferFunctionScriptingTraits (0ms)
			SetupTypeCache (262ms)
			ReleaseScriptCaches (0ms)
			RebuildScriptCaches (35ms)
			SetupLoadedEditorAssemblies (366ms)
				LogAssemblyErrors (0ms)
				InitializePlatformSupportModulesInManaged (5ms)
				SetLoadedEditorAssemblies (0ms)
				RefreshPlugins (0ms)
				BeforeProcessingInitializeOnLoad (70ms)
				ProcessInitializeOnLoadAttributes (283ms)
				ProcessInitializeOnLoadMethodAttributes (3ms)
				AfterProcessingInitializeOnLoad (5ms)
				EditorAssembliesLoaded (0ms)
			ExecutionOrderSort2 (0ms)
			AwakeInstancesAfterBackupRestoration (6ms)
Platform modules already initialized, skipping
========================================================================
Worker process is ready to serve import requests
Launched and connected shader compiler UnityShaderCompiler.exe after 0.06 seconds
Refreshing native plugins compatible for Editor in 0.30 ms, found 2 plugins.
Preloading 0 native plugins for Editor in 0.00 ms.
Unloading 1397 Unused Serialized files (Serialized files now loaded: 0)
System memory in use before: 65.3 MB.
System memory in use after: 65.4 MB.

Unloading 18 unused Assets to reduce memory usage. Loaded Objects now: 1830.
Total: 4.446100 ms (FindLiveObjects: 0.146100 ms CreateObjectMapping: 0.043800 ms MarkObjects: 3.958700 ms  DeleteObjects: 0.296200 ms)

AssetImportParameters requested are different than current active one (requested -> active):
  custom:framework-win-MediaFoundation: 216162199b28c13a410421893ffa2e32 -> 
  custom:video-decoder-ogg-theora: a1e56fd34408186e4bbccfd4996cb3dc -> 
  custom:container-muxer-webm: aa71ff27fc2769a1b78a27578f13a17b -> 
  custom:container-demuxer-webm: 4f35f7cbe854078d1ac9338744f61a02 -> 
  custom:container-demuxer-ogg: 62fdf1f143b41e24485cea50d1cbac27 -> 
  custom:video-encoder-webm-vp8: eb34c28f22e8b96e1ab97ce403110664 -> 
  custom:video-decoder-webm-vp8: 9c59270c3fd7afecdb556c50c9e8de78 -> 
  custom:audio-decoder-ogg-vorbis: bf7c407c2cedff20999df2af8eb42d56 -> 
  custom:audio-encoder-webm-vorbis: bf7c407c2cedff20999df2af8eb42d56 -> 
========================================================================
Received Import Request.
  path: Assets
  artifactKey: Guid(00000000000000001000000000000000) Importer(815301076,1909f56bfc062723c751e8b465ee728b)
Start importing Assets using Guid(00000000000000001000000000000000) Importer(815301076,1909f56bfc062723c751e8b465ee728b)  -> (artifact id: '42d402b061de3733987d63b9cc3b64de') in 0.011965 seconds 
  Import took 0.014573 seconds .

========================================================================
Received Import Request.
  Time since last request: 22.468982 seconds.
  path: Assets/Materials
  artifactKey: Guid(f83dc11ac47b8194c9cb27dfcdad2e3d) Importer(815301076,1909f56bfc062723c751e8b465ee728b)
Start importing Assets/Materials using Guid(f83dc11ac47b8194c9cb27dfcdad2e3d) Importer(815301076,1909f56bfc062723c751e8b465ee728b)  -> (artifact id: 'bfd5d23a9f8b24277bd7577529be1dee') in 0.009215 seconds 
  Import took 0.012263 seconds .

========================================================================
Received Import Request.
  Time since last request: 11.837493 seconds.
  path: Assets/Materials/playerMaterial.mat
  artifactKey: Guid(283a66c2f737cd941b53f1c890873bf1) Importer(815301076,1909f56bfc062723c751e8b465ee728b)
Start importing Assets/Materials/playerMaterial.mat using Guid(283a66c2f737cd941b53f1c890873bf1) Importer(815301076,1909f56bfc062723c751e8b465ee728b)  -> (artifact id: '4dc727537e1b86d7a7b8a27f21cac527') in 0.113900 seconds 
  Import took 0.116541 seconds .

========================================================================
Received Import Request.
  Time since last request: 5669.727189 seconds.
  path: Assets/Materials/playerMaterial.mat
  artifactKey: Guid(283a66c2f737cd941b53f1c890873bf1) Importer(815301076,1909f56bfc062723c751e8b465ee728b)
Start importing Assets/Materials/playerMaterial.mat using Guid(283a66c2f737cd941b53f1c890873bf1) Importer(815301076,1909f56bfc062723c751e8b465ee728b)  -> (artifact id: 'b0f8310540ef6a2c6cc9df57d92ae2d3') in 0.183650 seconds 
  Import took 0.259519 seconds .

========================================================================
Received Import Request.
  Time since last request: 4301.711301 seconds.
  path: Assets/Materials/obstacleMaterial.mat
  artifactKey: Guid(cd4e022c1613e934bac791be62dbc3b7) Importer(815301076,1909f56bfc062723c751e8b465ee728b)
Start importing Assets/Materials/obstacleMaterial.mat using Guid(cd4e022c1613e934bac791be62dbc3b7) Importer(815301076,1909f56bfc062723c751e8b465ee728b)  -> (artifact id: '2388446414bc16d3489f57938309a545') in 0.073071 seconds 
  Import took 0.094443 seconds .

========================================================================
Received Import Request.
  Time since last request: 17.275827 seconds.
  path: Assets/Materials/obstacleMaterial.mat
  artifactKey: Guid(cd4e022c1613e934bac791be62dbc3b7) Importer(815301076,1909f56bfc062723c751e8b465ee728b)
Start importing Assets/Materials/obstacleMaterial.mat using Guid(cd4e022c1613e934bac791be62dbc3b7) Importer(815301076,1909f56bfc062723c751e8b465ee728b)  -> (artifact id: '700aed1d61b22e2638d58e64fc71ba9d') in 0.024519 seconds 
  Import took 0.027767 seconds .

========================================================================
Received Import Request.
  Time since last request: 0.000275 seconds.
  path: Assets/Materials/playerMaterial.mat
  artifactKey: Guid(283a66c2f737cd941b53f1c890873bf1) Importer(815301076,1909f56bfc062723c751e8b465ee728b)
Start importing Assets/Materials/playerMaterial.mat using Guid(283a66c2f737cd941b53f1c890873bf1) Importer(815301076,1909f56bfc062723c751e8b465ee728b)  -> (artifact id: 'e518baf7462aa8d9036ed397165802b7') in 0.042616 seconds 
  Import took 0.046237 seconds .

========================================================================
Received Import Request.
  Time since last request: 2000.263124 seconds.
  path: Assets/Scenes
  artifactKey: Guid(c94b63ac31a1d094ca9cf14ec6eebf59) Importer(815301076,1909f56bfc062723c751e8b465ee728b)
Start importing Assets/Scenes using Guid(c94b63ac31a1d094ca9cf14ec6eebf59) Importer(815301076,1909f56bfc062723c751e8b465ee728b)  -> (artifact id: '60cb2b521f162665a5012f1937d48531') in 0.012831 seconds 
  Import took 0.034451 seconds .

========================================================================
Received Import Request.
  Time since last request: 8.864869 seconds.
  path: Assets/Scenes/titleScreen.unity
  artifactKey: Guid(976c07d64e025b444a7fca5e19a6e712) Importer(815301076,1909f56bfc062723c751e8b465ee728b)
Start importing Assets/Scenes/titleScreen.unity using Guid(976c07d64e025b444a7fca5e19a6e712) Importer(815301076,1909f56bfc062723c751e8b465ee728b)  -> (artifact id: '046f5bba1c02e97c55c18fe06420881e') in 0.015836 seconds 
  Import took 0.018385 seconds .

